2022-02-03 13:40:53 +0300	DEBUG	application started	{"TestName": "TestValue"}
2022-02-03 15:02:46 +0300	DEBUG	application started	{"TestName": "TestValue"}
2022-02-03 15:05:18 +0300	DEBUG	application started	{"TestName": "TestValue"}
2022-02-03 15:06:46 +0300	DEBUG	application started	{"TestName": "TestValue"}
2022-02-03 15:09:00 +0300	DEBUG	application started	{"TestName": "TestValue"}
2022-02-07 10:50:41 +0300	INFO	Application started
2022-02-07 10:51:05 +0300	INFO	app - Run - signal: interrupt
2022-02-07 11:03:03 +0300	INFO	app - Run - httpserver.start
2022-02-07 11:03:08 +0300	INFO	app - Run - signal: interrupt
2022-02-07 13:08:07 +0300	INFO	app - Run - server start on :8000
2022-02-07 13:08:07 +0300	ERROR	app - Run - httpServer.Notify: listen tcp: address ::8000: too many colons in address
2022-02-07 13:08:39 +0300	INFO	app - Run - server start on 8000
2022-02-07 13:09:43 +0300	INFO	app - Run - signal: interrupt
2022-02-07 13:09:45 +0300	INFO	app - Run - server start on 8000
2022-02-07 13:10:14 +0300	INFO	app - Run - signal: interrupt
2022-02-07 13:38:08 +0300	INFO	app - Run - server start on 8000
2022-02-07 13:39:55 +0300	INFO	app - Run - signal: interrupt
2022-02-07 13:39:59 +0300	INFO	app - Run - server start on 8000
2022-02-07 13:41:41 +0300	INFO	app - Run - signal: interrupt
2022-02-07 13:41:43 +0300	INFO	app - Run - server start on 8000
2022-02-07 13:42:26 +0300	INFO	app - Run - signal: interrupt
2022-02-07 13:52:43 +0300	INFO	app - Run - server start on 8000
2022-02-07 13:55:28 +0300	INFO	app - Run - signal: interrupt
2022-02-07 13:55:30 +0300	INFO	app - Run - server start on 8000
2022-02-07 13:58:44 +0300	INFO	app - Run - signal: interrupt
2022-02-07 13:58:46 +0300	INFO	app - Run - server start on 8000
2022-02-07 14:04:12 +0300	INFO	app - Run - signal: interrupt
2022-02-07 14:04:14 +0300	INFO	app - Run - server start on 8000
2022-02-07 14:07:40 +0300	INFO	app - Run - signal: interrupt
2022-02-07 14:08:11 +0300	INFO	app - Run - server start on 8000
2022-02-07 14:09:50 +0300	INFO	app - Run - signal: interrupt
2022-02-07 14:09:56 +0300	INFO	app - Run - server start on 8000
2022-02-07 14:11:31 +0300	INFO	app - Run - signal: interrupt
2022-02-07 14:11:33 +0300	INFO	app - Run - server start on 8000
2022-02-07 14:12:16 +0300	INFO	app - Run - signal: interrupt
